********************************************************************************
DUPLICATOR-LITE PACKAGE-LOG: June 29, 2021 2:55 pm
NOTICE: Do NOT post to public sites or forums 
********************************************************************************
VERSION:	1.4.1
WORDPRESS:	5.7.2
PHP INFO:	7.4.4 | SAPI: apache2handler
SERVER:		Apache/2.4.43 (Win64) OpenSSL/1.1.1f PHP/7.4.4 
PHP TIME LIMIT: (0) no time limit imposed 
PHP MAX MEMORY: 4294967296 (512M default) 
MEMORY STACK: 42MB

********************************************************************************
DATABASE:
********************************************************************************
BUILD MODE:   MYSQLDUMP
MYSQLTIMEOUT: 5000
MYSQLDUMP:    Is Supported
SQL CREATED: 20210629_cosmeticsdepot_46f0c0f2ea186f902645_20210629145401_database.sql
SQL FILE SIZE: 1.1MB (1150775)
SQL FILE TIME: 2021-06-29 14:55:12
SQL RUNTIME: 4.30 sec.

********************************************************************************
ARCHIVE (ZIP):
********************************************************************************
ARCHIVE DIR:  C:/xampp/htdocs/LaQuinta
ARCHIVE FILE: 20210629_cosmeticsdepot_46f0c0f2ea186f902645_20210629145401_archive.zip
FILTERS: *OFF*
DIRS:
	not set
FILES:
	not set
EXTS:  not set
----------------------------------------
COMPRESSING
SIZE:	238.85MB
STATS:	Dirs 3,289 | Files 14,076
SQL ADDED: 20210629_cosmeticsdepot_46f0c0f2ea186f902645_20210629145401_database.sql
ZipArchive Object
(
    [status] => 0
    [statusSys] => 0
    [numFiles] => 17365
    [filename] => C:\xampp\htdocs\LaQuinta\wp-content\backups-dup-lite\tmp\20210629_cosmeticsdepot_46f0c0f2ea186f902645_20210629145401_archive.zip
    [comment] => 
)

FILE ADDED TO ZIP: 17364
COMPRESSION RESULT: '1'
COMPRESSED SIZE: 76.59MB
ARCHIVE RUNTIME: 123.23 sec.
MEMORY STACK: 50MB
building installer
add_extra_files1
add_extra_files2
add_extra_files3
add_extra_files4
Doing archive file check
add_extra_files5
add_extra_files6
add_extra_files8
Successfully opened zip C:/xampp/htdocs/LaQuinta/wp-content/backups-dup-lite/tmp/20210629_cosmeticsdepot_46f0c0f2ea186f902645_20210629145401_archive.zip
Adding enhanced installer files to archive using ZipArchive
Installer files added to archive
Added to archive
After ziparchive close when adding installer

********************************************************************************
INTEGRITY CHECKS:
********************************************************************************
SQL FILE: 1.1MB
INSTALLER FILE: 64.14KB
ARCHIVE FILE: 78.05MB 
EXPECTED FILE/DIRECTORY COUNT: 17,365
ACTUAL FILE/DIRECTORY COUNT: 17,364
ARCHIVE CONSISTENCY TEST: Pass

********************************************************************************
RECORD ID:[1]
TOTAL PROCESS RUNTIME: 133.33 sec.
PEAK PHP MEMORY USED: 54MB
DONE PROCESSING => 20210629_cosmeticsdepot June 29, 2021 2:57 pm

